0 info it worked if it ends with ok
1 verbose cli [ '/usr/local/Cellar/node/6.7.0/bin/node',
1 verbose cli   '/usr/local/bin/npm',
1 verbose cli   'install' ]
2 info using npm@3.10.7
3 info using node@v6.7.0
4 silly loadCurrentTree Starting
5 silly install loadCurrentTree
6 silly install readLocalPackageData
7 silly install normalizeTree
8 silly loadCurrentTree Finishing
9 silly loadIdealTree Starting
10 silly install loadIdealTree
11 silly cloneCurrentTree Starting
12 silly install cloneCurrentTreeToIdealTree
13 silly cloneCurrentTree Finishing
14 silly loadShrinkwrap Starting
15 silly install loadShrinkwrap
16 silly loadShrinkwrap Finishing
17 silly loadAllDepsIntoIdealTree Starting
18 silly install loadAllDepsIntoIdealTree
19 silly fetchOtherPackageData phoenix@file:../../deps/phoenix
20 silly cache add args [ 'phoenix@file:../../deps/phoenix', null ]
21 verbose cache add spec phoenix@file:../../deps/phoenix
22 silly fetchDirectoryPackageData phoenix_html
23 silly cache add parsed spec Result {
23 silly cache add   raw: 'phoenix@file:../../deps/phoenix',
23 silly cache add   scope: null,
23 silly cache add   escapedName: 'phoenix',
23 silly cache add   name: 'phoenix',
23 silly cache add   rawSpec: 'file:../../deps/phoenix',
23 silly cache add   spec: '/Users/memery/projects/elixir/rumbrella/deps/phoenix',
23 silly cache add   type: 'local' }
24 error addLocal Could not install /Users/memery/projects/elixir/rumbrella/deps/phoenix
25 silly fetchPackageMetaData Error: ENOENT: no such file or directory, open '/Users/memery/projects/elixir/rumbrella/deps/phoenix'
25 silly fetchPackageMetaData     at Error (native)
25 silly fetchPackageMetaData  error for phoenix@file:../../deps/phoenix { Error: ENOENT: no such file or directory, open '/Users/memery/projects/elixir/rumbrella/deps/phoenix'
25 silly fetchPackageMetaData     at Error (native)
25 silly fetchPackageMetaData   errno: -2,
25 silly fetchPackageMetaData   code: 'ENOENT',
25 silly fetchPackageMetaData   syscall: 'open',
25 silly fetchPackageMetaData   path: '/Users/memery/projects/elixir/rumbrella/deps/phoenix' }
26 silly resolveWithNewModule phoenix_html@2.6.1 checking installable status
27 silly cache add args [ 'phoenix_html@file:deps/phoenix_html', null ]
28 verbose cache add spec phoenix_html@file:deps/phoenix_html
29 silly cache add parsed spec Result {
29 silly cache add   raw: 'phoenix_html@file:deps/phoenix_html',
29 silly cache add   scope: null,
29 silly cache add   escapedName: 'phoenix_html',
29 silly cache add   name: 'phoenix_html',
29 silly cache add   rawSpec: 'file:deps/phoenix_html',
29 silly cache add   spec: '/Users/memery/projects/elixir/rumbrella/apps/rumbl/deps/phoenix_html',
29 silly cache add   type: 'directory' }
30 verbose addLocalDirectory /Users/memery/.npm/phoenix_html/2.6.1/package.tgz not in flight; packing
31 verbose correctMkdir /Users/memery/.npm correctMkdir not in flight; initializing
32 info lifecycle phoenix_html@2.6.1~prepublish: phoenix_html@2.6.1
33 silly lifecycle phoenix_html@2.6.1~prepublish: no script for prepublish, continuing
34 verbose tar pack [ '/Users/memery/.npm/phoenix_html/2.6.1/package.tgz',
34 verbose tar pack   '/Users/memery/projects/elixir/rumbrella/apps/rumbl/deps/phoenix_html' ]
35 verbose tarball /Users/memery/.npm/phoenix_html/2.6.1/package.tgz
36 verbose folder /Users/memery/projects/elixir/rumbrella/apps/rumbl/deps/phoenix_html
37 verbose addLocalTarball adding from inside cache /Users/memery/.npm/phoenix_html/2.6.1/package.tgz
38 verbose correctMkdir /Users/memery/.npm correctMkdir not in flight; initializing
39 silly cache afterAdd phoenix_html@2.6.1
40 verbose afterAdd /Users/memery/.npm/phoenix_html/2.6.1/package/package.json not in flight; writing
41 verbose correctMkdir /Users/memery/.npm correctMkdir not in flight; initializing
42 verbose afterAdd /Users/memery/.npm/phoenix_html/2.6.1/package/package.json written
43 silly rollbackFailedOptional Starting
44 silly rollbackFailedOptional Finishing
45 silly runTopLevelLifecycles Finishing
46 silly install printInstalled
47 verbose stack Error: ENOENT: no such file or directory, open '/Users/memery/projects/elixir/rumbrella/deps/phoenix'
47 verbose stack     at Error (native)
48 verbose cwd /Users/memery/projects/elixir/rumbrella/apps/rumbl
49 error Darwin 16.0.0
50 error argv "/usr/local/Cellar/node/6.7.0/bin/node" "/usr/local/bin/npm" "install"
51 error node v6.7.0
52 error npm  v3.10.7
53 error path /Users/memery/projects/elixir/rumbrella/deps/phoenix
54 error code ENOENT
55 error errno -2
56 error syscall open
57 error enoent ENOENT: no such file or directory, open '/Users/memery/projects/elixir/rumbrella/deps/phoenix'
58 error enoent ENOENT: no such file or directory, open '/Users/memery/projects/elixir/rumbrella/deps/phoenix'
58 error enoent This is most likely not a problem with npm itself
58 error enoent and is related to npm not being able to find a file.
59 verbose exit [ -2, true ]
